e:\vsc\2dgame\2dgame\x64\debug\vc143.pdb
e:\vsc\2dgame\2dgame\x64\debug\vc143.idb
e:\vsc\2dgame\2dgame\x64\debug\resources.obj
e:\vsc\2dgame\2dgame\x64\debug\render.obj
e:\vsc\2dgame\2dgame\x64\debug\main.obj
e:\vsc\2dgame\2dgame\x64\debug\level.obj
e:\vsc\2dgame\2dgame\x64\debug\inputs.obj
e:\vsc\2dgame\2dgame\x64\debug\ievent.obj
e:\vsc\2dgame\2dgame\x64\debug\screenobject.obj
e:\vsc\2dgame\2dgame\x64\debug\graphic.obj
e:\vsc\2dgame\2dgame\x64\debug\game.obj
e:\vsc\2dgame\2dgame\x64\debug\character.obj
e:\vsc\2dgame\2dgame\x64\debug\gameobject.obj
e:\vsc\2dgame\2dgame\x64\debug\texture2d.obj
e:\vsc\2dgame\2dgame\x64\debug\sprite.obj
e:\vsc\2dgame\2dgame\x64\debug\spiteatlas.obj
e:\vsc\2dgame\2dgame\x64\debug\spriteatlas.obj
e:\vsc\2dgame\2dgame\x64\debug\grid.obj
e:\vsc\2dgame\2dgame\x64\debug\camera.obj
e:\vsc\2dgame\2dgame\x64\debug\layer.obj
e:\vsc\2dgame\2dgame\x64\debug\tilemap.obj
e:\vsc\2dgame\2dgame\x64\debug\rendertiles.obj
e:\vsc\2dgame\2dgame\x64\debug\pickableobject.obj
e:\vsc\2dgame\x64\debug\2dgame.exe
e:\vsc\2dgame\2dgame\x64\debug\2dgame.ilk
e:\vsc\2dgame\x64\debug\2dgame.pdb
e:\vsc\2dgame\2dgame\x64\debug\2dgame.res
e:\vsc\2dgame\2dgame\x64\debug\main.obj.enc
e:\vsc\2dgame\2dgame\x64\debug\render.obj.enc
e:\vsc\2dgame\2dgame\x64\debug\2dgame.pdb
e:\vsc\2dgame\2dgame\x64\debug\2dgame.tlog\cl.command.1.tlog
e:\vsc\2dgame\2dgame\x64\debug\2dgame.tlog\cl.read.1.tlog
e:\vsc\2dgame\2dgame\x64\debug\2dgame.tlog\cl.write.1.tlog
e:\vsc\2dgame\2dgame\x64\debug\2dgame.tlog\link.command.1.tlog
e:\vsc\2dgame\2dgame\x64\debug\2dgame.tlog\link.read.1.tlog
e:\vsc\2dgame\2dgame\x64\debug\2dgame.tlog\link.write.1.tlog
e:\vsc\2dgame\2dgame\x64\debug\2dgame.tlog\rc.command.1.tlog
e:\vsc\2dgame\2dgame\x64\debug\2dgame.tlog\rc.read.1.tlog
e:\vsc\2dgame\2dgame\x64\debug\2dgame.tlog\rc.write.1.tlog
